build/app/intermediates/manifest_merge_blame_file/debug/manifest-merger-blame-debug-report.txt
1<?xml version="1.0" encoding="utf-8"?>
2<manifest xmlns:android="http://schemas.android.com/apk/res/android"
3    package="co.appbrewery.clima"
4    android:versionCode="1"
5    android:versionName="1.0.0" >
6
7    <uses-sdk
8        android:minSdkVersion="16"
9        android:targetSdkVersion="29" />
10    <!--
11         Flutter needs it to communicate with the running application
12         to allow setting breakpoints, to provide hot reload, etc.
13    -->
14    <uses-permission android:name="android.permission.INTERNET" />
14-->src\main\AndroidManifest.xml:5:5-67
14-->src\main\AndroidManifest.xml:5:22-64
15    <uses-permission android:name="android.permission.ACCESS_COARSE_LOCATION" />
15-->src\main\AndroidManifest.xml:4:5-81
15-->src\main\AndroidManifest.xml:4:22-78
16    <uses-permission android:name="android.permission.ACCESS_FINE_LOCATION" />
16-->src\main\AndroidManifest.xml:6:5-79
16-->src\main\AndroidManifest.xml:6:22-76
17    <uses-permission android:name="android.permission.ACCESS_LOCATION_EXTRA_COMMANDS" />
17-->src\main\AndroidManifest.xml:7:5-89
17-->src\main\AndroidManifest.xml:7:22-86
18    <uses-permission android:name="android.permission.WAKE_LOCK" />
18-->src\main\AndroidManifest.xml:8:5-68
18-->src\main\AndroidManifest.xml:8:22-65
19    <uses-permission android:name="android.hardware.location.gps" />
19-->src\main\AndroidManifest.xml:9:5-69
19-->src\main\AndroidManifest.xml:9:22-66
20    <!--
21 io.flutter.app.FlutterApplication is an android.app.Application that
22         calls FlutterMain.startInitialization(this); in its onCreate method.
23         In most cases you can leave this as-is, but you if you want to provide
24         additional functionality it is fine to subclass or reimplement
25         FlutterApplication and put your custom class here.
26    -->
27    <application
27-->src\main\AndroidManifest.xml:17:5-40:19
28        android:name="io.flutter.app.FlutterApplication"
28-->src\main\AndroidManifest.xml:18:9-57
29        android:appComponentFactory="androidx.core.app.CoreComponentFactory"
29-->[androidx.core:core:1.1.0] AndroidManifest.xml:24:18-86
30        android:debuggable="true"
31        android:icon="@mipmap/ic_launcher"
31-->src\main\AndroidManifest.xml:20:9-43
32        android:label="clima" >
32-->src\main\AndroidManifest.xml:19:9-30
33        <activity
33-->src\main\AndroidManifest.xml:21:9-39:20
34            android:name="co.appbrewery.clima.MainActivity"
34-->src\main\AndroidManifest.xml:22:13-41
35            android:configChanges="orientation|keyboardHidden|keyboard|screenSize|locale|layoutDirection|fontScale|screenLayout|density|uiMode"
35-->src\main\AndroidManifest.xml:25:13-144
36            android:hardwareAccelerated="true"
36-->src\main\AndroidManifest.xml:26:13-47
37            android:launchMode="singleTop"
37-->src\main\AndroidManifest.xml:23:13-43
38            android:theme="@style/LaunchTheme"
38-->src\main\AndroidManifest.xml:24:13-47
39            android:windowSoftInputMode="adjustResize" >
39-->src\main\AndroidManifest.xml:27:13-55
40
41            <!--
42                 This keeps the window background of the activity showing
43                 until Flutter renders its first frame. It can be removed if
44                 there is no splash screen (such as the default splash screen
45                 defined in @style/LaunchTheme).
46            -->
47            <meta-data
47-->src\main\AndroidManifest.xml:32:13-34:40
48                android:name="io.flutter.app.android.SplashScreenUntilFirstFrame"
48-->src\main\AndroidManifest.xml:33:17-82
49                android:value="true" />
49-->src\main\AndroidManifest.xml:34:17-37
50
51            <intent-filter>
51-->src\main\AndroidManifest.xml:35:13-38:29
52                <action android:name="android.intent.action.MAIN" />
52-->src\main\AndroidManifest.xml:36:17-68
52-->src\main\AndroidManifest.xml:36:25-66
53
54                <category android:name="android.intent.category.LAUNCHER" />
54-->src\main\AndroidManifest.xml:37:17-76
54-->src\main\AndroidManifest.xml:37:27-74
55            </intent-filter>
56        </activity>
57        <activity
57-->[com.google.android.gms:play-services-base:17.0.0] AndroidManifest.xml:23:9-26:75
58            android:name="com.google.android.gms.common.api.GoogleApiActivity"
58-->[com.google.android.gms:play-services-base:17.0.0] AndroidManifest.xml:24:13-79
59            android:exported="false"
59-->[com.google.android.gms:play-services-base:17.0.0] AndroidManifest.xml:25:13-37
60            android:theme="@android:style/Theme.Translucent.NoTitleBar" />
60-->[com.google.android.gms:play-services-base:17.0.0] AndroidManifest.xml:26:13-72
61
62        <meta-data
62-->[com.google.android.gms:play-services-basement:17.0.0] AndroidManifest.xml:23:9-25:69
63            android:name="com.google.android.gms.version"
63-->[com.google.android.gms:play-services-basement:17.0.0] AndroidManifest.xml:24:13-58
64            android:value="@integer/google_play_services_version" />
64-->[com.google.android.gms:play-services-basement:17.0.0] AndroidManifest.xml:25:13-66
65    </application>
66
67</manifest>